2024-06-04 23:14:40,684 INFO Received GET request
2024-06-04 23:14:42,417 INFO Received GET request
2024-06-04 23:14:42,635 INFO Received data: [3, "bostang", ""]
2024-06-04 23:15:18,192 INFO Received GET request
2024-06-04 23:15:20,372 INFO Received GET request
2024-06-04 23:15:20,652 INFO Received data: [3, "yansen", ""]
2024-06-04 23:15:20,652 INFO Received data: [3, "bostang", ""]
2024-06-04 23:23:51,182 INFO Received GET request
2024-06-04 23:23:51,183 INFO Received data: [1, "bostang", "tes"]
2024-06-04 23:23:54,167 INFO Received GET request
2024-06-04 23:24:09,819 INFO Received GET request
2024-06-04 23:24:09,960 INFO Received data: [1, "yansen", "phoenix"]
2024-06-04 23:24:14,266 INFO Received GET request
2024-06-04 23:24:14,642 INFO Received data: [3, "yansen", ""]
2024-06-04 23:24:14,642 INFO Received data: [3, "bostang", ""]
2024-06-04 23:35:27,041 INFO Received GET request
2024-06-04 23:35:27,044 INFO Received data: [1, "bostang", "tes"]
2024-06-04 23:35:45,416 INFO Received GET request
2024-06-04 23:35:45,417 INFO Received data: [1, "yansen", "phoenix"]
2024-06-04 23:35:49,416 INFO Received GET request
2024-06-04 23:35:50,218 INFO Received GET request
2024-06-04 23:35:50,546 INFO Received data: [3, "yansen", ""]
2024-06-04 23:35:50,546 INFO Received data: [3, "bostang", ""]
2024-06-04 23:35:53,492 INFO Received GET request
2024-06-04 23:35:53,493 INFO Received data: [4, "bostang", 1]
2024-06-04 23:35:54,071 INFO Received GET request
2024-06-04 23:35:54,072 INFO Received data: [4, "yansen", 1]
2024-06-04 23:37:09,920 INFO Received GET request
2024-06-04 23:37:10,603 INFO Received GET request
2024-06-04 23:37:41,528 INFO Received GET request
2024-06-04 23:37:42,242 INFO Received GET request
2024-06-04 23:37:42,368 INFO Received data: [4, "yansen", 1]
2024-06-04 23:38:07,910 INFO Received GET request
2024-06-04 23:38:09,302 INFO Received GET request
2024-06-04 23:38:09,349 INFO Received data: [4, "yansen", 1]
2024-06-04 23:38:09,350 INFO Received data: [4, "bostang", 1]
2024-06-04 23:38:13,091 INFO Received GET request
2024-06-04 23:38:13,091 INFO Received data: [4, "bostang", 1]
2024-06-04 23:38:13,509 INFO Received GET request
2024-06-04 23:38:13,510 INFO Received data: [4, "yansen", 1]
2024-06-04 23:38:17,925 INFO Received GET request
2024-06-04 23:38:17,926 INFO Received data: [4, "bostang", 1]
2024-06-04 23:38:18,257 INFO Received GET request
2024-06-04 23:38:18,258 INFO Received data: [4, "yansen", 1]
2024-06-04 23:38:50,559 INFO Received GET request
2024-06-04 23:39:51,561 INFO Received data: [3, "bostang", ""]
2024-06-04 23:42:10,134 INFO Received GET request
2024-06-04 23:42:10,135 INFO Received data: [1, "bostang", "tes123"]
2024-06-04 23:42:15,253 INFO Received GET request
2024-06-04 23:42:15,254 INFO Received data: [1, "bostang", "tes"]
2024-06-04 23:42:29,869 INFO Received GET request
2024-06-04 23:42:29,869 INFO Received data: [1, "yansen", "phoenix"]
2024-06-04 23:42:33,862 INFO Received GET request
2024-06-04 23:42:34,938 INFO Received GET request
2024-06-04 23:42:35,248 INFO Received data: [3, "yansen", ""]
2024-06-04 23:42:35,248 INFO Received data: [3, "bostang", ""]
2024-06-04 23:42:40,242 INFO Received GET request
2024-06-04 23:42:40,242 INFO Received data: [4, "bostang", 1]
2024-06-04 23:42:40,989 INFO Received GET request
2024-06-04 23:42:40,989 INFO Received data: [4, "yansen", 2]
2024-06-04 23:42:48,112 INFO Received GET request
2024-06-04 23:42:48,113 INFO Received data: [4, "bostang", 1]
2024-06-04 23:42:48,661 INFO Received GET request
2024-06-04 23:42:48,661 INFO Received data: [4, "yansen", 1]
2024-06-04 23:43:23,177 INFO Received GET request
2024-06-04 23:43:23,178 INFO Received data: [1, "bostang", "tes"]
2024-06-04 23:43:29,954 INFO Received GET request
2024-06-04 23:43:29,955 INFO Received data: [1, "yansen", "phoenix"]
2024-06-04 23:43:34,921 INFO Received GET request
2024-06-04 23:43:35,999 INFO Received GET request
2024-06-04 23:43:36,287 INFO Received data: [3, "yansen", ""]
2024-06-04 23:43:36,287 INFO Received data: [3, "bostang", ""]
2024-06-04 23:43:59,237 INFO Received GET request
2024-06-04 23:43:59,237 INFO Received data: [4, "yansen", 1]
2024-06-04 23:46:20,920 INFO Received GET request
2024-06-04 23:46:20,921 INFO Received data: [4, "yansen", 1]
2024-06-04 23:46:23,160 INFO Received GET request
2024-06-04 23:46:23,160 INFO Received data: [4, "yansen", 2]
2024-06-04 23:48:02,580 INFO Received GET request
2024-06-04 23:48:02,581 INFO Received data: [1, "bostang", "tes"]
2024-06-04 23:48:13,155 INFO Received GET request
2024-06-04 23:48:13,156 INFO Received data: [1, "yansen", "phoenix"]
2024-06-04 23:48:19,073 INFO Received GET request
2024-06-04 23:48:20,148 INFO Received GET request
2024-06-04 23:48:20,490 INFO Received data: [3, "yansen", ""]
2024-06-04 23:48:20,490 INFO Received data: [3, "bostang", ""]
2024-06-04 23:48:23,086 INFO Received GET request
2024-06-04 23:48:23,863 INFO Received GET request
2024-06-04 23:48:23,972 INFO Received data: [4, "yansen", 1]
2024-06-04 23:48:23,972 INFO Received data: [4, "bostang", 1]
2024-06-04 23:48:45,694 INFO Received GET request
2024-06-04 23:48:45,695 INFO Received data: [4, "bostang", 1]
2024-06-04 23:48:46,047 INFO Received GET request
2024-06-04 23:48:46,047 INFO Received data: [4, "yansen", 1]
2024-06-04 23:51:50,375 INFO Received GET request
2024-06-04 23:51:50,376 INFO Received data: [1, "bostang", "tes"]
2024-06-04 23:51:53,047 INFO Received GET request
2024-06-04 23:51:53,048 INFO Received data: [1, "yansen", "phoenix"]
2024-06-04 23:51:56,853 INFO Received GET request
2024-06-04 23:51:57,979 INFO Received GET request
2024-06-04 23:51:58,308 INFO Received data: [3, "bostang", ""]
2024-06-04 23:51:58,308 INFO Received data: [3, "yansen", ""]
2024-06-04 23:52:00,732 INFO Received GET request
2024-06-04 23:52:01,328 INFO Received GET request
2024-06-04 23:52:01,452 INFO Received data: [4, "bostang", 1]
2024-06-04 23:52:01,452 INFO Received data: [4, "yansen", 1]
2024-06-04 23:53:06,301 INFO Received GET request
2024-06-04 23:53:07,197 INFO Received GET request
2024-06-04 23:53:07,494 INFO Received data: [3, "bostang", ""]
2024-06-04 23:53:07,494 INFO Received data: [3, "yansen", ""]
2024-06-04 23:53:09,761 INFO Received GET request
2024-06-04 23:53:10,508 INFO Received GET request
2024-06-04 23:53:10,633 INFO Received data: [4, "bostang", 1]
2024-06-04 23:53:10,633 INFO Received data: [4, "yansen", 1]
