2024-06-02 17:37:23,852 INFO Received GET request
2024-06-02 17:37:23,866 INFO Received data: ["2", "yansen"]
2024-06-02 17:39:20,324 INFO Received GET request
2024-06-02 17:39:20,325 INFO Received data: ["2", "yansen"]
2024-06-02 17:41:02,780 INFO Received GET request
2024-06-02 17:41:02,781 INFO Received data: ["2", "yansen"]
2024-06-02 17:42:27,837 INFO Received GET request
2024-06-02 17:42:27,838 INFO Received data: ["2", "yansen"]
2024-06-02 17:43:16,576 INFO Received GET request
2024-06-02 17:43:16,582 INFO Received data: ["2", "yansen"]
2024-06-02 18:12:17,474 INFO Received GET request
2024-06-02 18:12:17,476 INFO Received data: ["2", "yansen"]
2024-06-02 18:13:28,775 INFO Received GET request
2024-06-02 18:13:28,777 INFO Received data: ["2", "yansen"]
2024-06-02 18:14:09,233 INFO Received GET request
2024-06-02 18:14:09,234 INFO Received data: ["2", "yansen"]
2024-06-02 18:18:33,938 INFO Received GET request
2024-06-02 18:18:33,939 INFO Received data: ["2", "yansen"]
2024-06-02 18:19:17,948 INFO Received GET request
2024-06-02 18:19:17,949 INFO Received data: ["2", "yansen"]
2024-06-02 18:20:08,855 INFO Received GET request
2024-06-02 18:20:08,857 INFO Received data: ["2", "yansen"]
2024-06-02 18:21:08,606 INFO Received GET request
2024-06-02 18:21:08,607 INFO Received data: ["2", "yansen"]
2024-06-02 18:21:41,136 INFO Received GET request
2024-06-02 18:21:41,137 INFO Received data: ["2", "yansen"]
2024-06-02 18:23:53,999 INFO Received GET request
2024-06-02 18:23:54,000 INFO Received data: ["2", "yansen"]
2024-06-02 18:24:08,662 INFO Received GET request
2024-06-02 18:24:08,663 INFO Received data: ["2", "bostang"]
2024-06-02 18:27:19,464 INFO Received GET request
2024-06-02 18:27:19,465 INFO Received data: ["2", "yansen"]
2024-06-02 18:27:56,300 INFO Received GET request
2024-06-02 18:27:56,301 INFO Received data: ["2", "yansen"]
2024-06-02 18:29:33,132 INFO Received GET request
2024-06-02 18:29:33,133 INFO Received data: ["2", "yansen"]
2024-06-02 18:31:53,779 INFO Received GET request
2024-06-02 18:31:53,780 INFO Received data: ["2", "yansen"]
2024-06-02 18:33:14,906 INFO Received GET request
2024-06-02 18:33:14,907 INFO Received data: ["2", "bostang"]
2024-06-02 18:47:16,651 INFO Received GET request
2024-06-02 18:47:16,654 INFO Received data: ["2", "bostang"]
2024-06-04 15:41:44,198 INFO Received GET request
2024-06-04 15:41:44,215 INFO Received data: [2, "bostang"]
2024-06-04 15:42:48,367 INFO Received GET request
2024-06-04 15:42:48,369 INFO Received data: [2, "bostang"]
2024-06-04 15:43:39,942 INFO Received GET request
2024-06-04 15:43:39,943 INFO Received data: [2, "bostang"]
2024-06-04 15:44:12,550 INFO Received GET request
2024-06-04 15:44:12,552 INFO Received data: [2, "bostang"]
2024-06-04 15:45:37,846 INFO Received GET request
2024-06-04 15:45:37,847 INFO Received data: [2, "bostang"]
2024-06-04 15:45:54,755 INFO Received GET request
2024-06-04 15:45:54,756 INFO Received data: [2, "yansen"]
2024-06-04 15:46:47,905 INFO Received GET request
2024-06-04 15:46:47,906 INFO Received data: [2, "bostang"]
2024-06-04 16:33:41,107 INFO Received GET request
2024-06-04 16:33:41,113 INFO Received data: [1, "bostang", "bos123"]
2024-06-04 16:36:17,042 INFO Received GET request
2024-06-04 16:36:17,045 INFO Received data: [1, "bostang", "bos123"]
2024-06-04 16:36:23,191 INFO Received GET request
2024-06-04 16:36:23,196 INFO Received data: [12, "bostang", "bos123"]
2024-06-04 16:36:41,414 INFO Received GET request
2024-06-04 16:36:41,418 INFO Received data: [12, "kingkung", "kungking123"]
2024-06-04 16:36:59,583 INFO Received GET request
2024-06-04 16:36:59,587 INFO Received data: [12, "kangkung", "kkk"]
2024-06-04 16:38:54,451 INFO Received GET request
2024-06-04 16:38:54,455 INFO Received data: [12, "bostang", "bos"]
2024-06-04 16:39:42,683 INFO Received GET request
2024-06-04 16:39:42,697 INFO Received data: [12, "bostag", "a"]
2024-06-04 16:42:15,586 INFO Received GET request
2024-06-04 16:43:53,080 INFO Received GET request
2024-06-04 16:45:00,747 INFO Received GET request
2024-06-04 16:47:10,132 INFO Received GET request
2024-06-04 16:47:12,696 INFO Received GET request
2024-06-04 17:04:39,186 INFO Received GET request
2024-06-04 17:04:39,191 INFO Received data: [1, "bostang", "bos123"]
2024-06-04 17:04:45,655 INFO Received GET request
2024-06-04 17:04:45,659 INFO Received data: [12, "bostang", "bos"]
2024-06-04 17:05:24,520 INFO Received GET request
2024-06-04 17:05:24,524 INFO Received data: [12, "bostang", "bis"]
2024-06-04 17:05:42,664 INFO Received GET request
2024-06-04 17:05:42,668 INFO Received data: [12, "kangking", "kkk"]
2024-06-04 17:06:20,856 INFO Received GET request
2024-06-04 17:06:20,859 INFO Received data: [1, "kangking", "kkk"]
2024-06-04 17:07:40,979 INFO Received GET request
2024-06-04 17:07:40,981 INFO Received data: [1, "bostang", "bos123"]
2024-06-04 17:07:56,679 INFO Received GET request
2024-06-04 17:07:56,682 INFO Received data: [1, "kangkling", "abc"]
2024-06-04 17:12:27,107 INFO Received GET request
2024-06-04 17:12:27,112 INFO Received data: [1, "bostang", "bos123"]
2024-06-04 17:12:38,439 INFO Received GET request
2024-06-04 17:12:38,441 INFO Received data: [1, "dadsad", "adsada"]
2024-06-04 17:15:28,549 INFO Received GET request
2024-06-04 17:15:28,553 INFO Received data: [12, "bostang", "bos123"]
2024-06-04 17:15:44,113 INFO Received GET request
2024-06-04 17:15:44,118 INFO Received data: [12, "bas", "12"]
2024-06-04 17:16:57,750 INFO Received GET request
2024-06-04 17:16:57,764 INFO Received data: [1, "bostang", "bos123"]
2024-06-04 17:17:29,211 INFO Received GET request
2024-06-04 17:17:29,213 INFO Received data: [1, "bostang", "bos1"]
2024-06-04 17:19:18,451 INFO Received GET request
2024-06-04 17:19:18,455 INFO Received data: [1, "bostang", "bos12"]
2024-06-04 17:19:36,751 INFO Received GET request
2024-06-04 17:19:36,754 INFO Received data: [1, "bos", "asdf"]
2024-06-04 17:20:35,691 INFO Received GET request
2024-06-04 17:20:35,696 INFO Received data: [1, "nosaf", "fsfsa"]
2024-06-04 17:21:39,635 INFO Received GET request
2024-06-04 17:21:39,640 INFO Received data: [1, "bosf", "afasfd"]
